<?xml version="1.0" encoding="UTF-8"?>
<!-- Generated by org.testng.reporters.JUnitReportReporter -->
<testsuite skipped="0" hostname="VIGNESH-PC" name="mmn.jjunit" tests="1" failures="0" timestamp="22 Feb 2021 19:38:23 GMT" time="9.186" errors="0">
  <testcase name="test" time="9.186" classname="mmn.jjunit"/>
</testsuite> <!-- mmn.jjunit -->
